[boom-sms:192.168.20.115:8604] [,] 2022-08-16 17:22:02.956 ERROR 12904 [com.alibaba.nacos.client.config.security.updater] com.alibaba.nacos.client.security.SecurityProxy:154 [SecurityProxy] login http request failed url: http://localhost:8848/nacos/v1/auth/users/login, params: {username=nacos}, bodyMap: {password=nacos}, errorMsg: connect timed out
[boom-sms:192.168.20.115:8604] [,] 2022-08-16 17:22:03.169 ERROR 12904 [main] com.alibaba.nacos.client.config.http.ServerHttpAgent:112 [NACOS SocketTimeoutException httpGet] currentServerAddr:http://localhost:8848， err : connect timed out
[boom-sms:192.168.20.115:8604] [,] 2022-08-16 17:22:04.183 ERROR 12904 [main] com.alibaba.nacos.client.config.http.ServerHttpAgent:112 [NACOS SocketTimeoutException httpGet] currentServerAddr:http://localhost:8848， err : connect timed out
[boom-sms:192.168.20.115:8604] [,] 2022-08-16 17:22:05.186 ERROR 12904 [main] com.alibaba.nacos.client.config.http.ServerHttpAgent:112 [NACOS SocketTimeoutException httpGet] currentServerAddr:http://localhost:8848， err : connect timed out
[boom-sms:192.168.20.115:8604] [,] 2022-08-16 17:22:05.186 ERROR 12904 [main] com.alibaba.nacos.client.config.http.ServerHttpAgent:133 no available server
[boom-sms:192.168.20.115:8604] [,] 2022-08-16 17:22:05.190 ERROR 12904 [main] com.alibaba.nacos.client.config.impl.ClientWorker:279 [fixed-localhost_8848-dev] [sub-server] get server config exception, dataId=boom-sms, group=dev, tenant=dev

java.net.ConnectException: no available server
	at com.alibaba.nacos.client.config.http.ServerHttpAgent.httpGet(ServerHttpAgent.java:134)
	at com.alibaba.nacos.client.config.http.MetricsHttpAgent.httpGet(MetricsHttpAgent.java:51)
	at com.alibaba.nacos.client.config.impl.ClientWorker.getServerConfig(ClientWorker.java:274)
	at com.alibaba.nacos.client.config.NacosConfigService.getConfigInner(NacosConfigService.java:155)
	at com.alibaba.nacos.client.config.NacosConfigService.getConfig(NacosConfigService.java:98)
	at com.alibaba.cloud.nacos.client.NacosPropertySourceBuilder.loadNacosData(NacosPropertySourceBuilder.java:85)
	at com.alibaba.cloud.nacos.client.NacosPropertySourceBuilder.build(NacosPropertySourceBuilder.java:73)
	at com.alibaba.cloud.nacos.client.NacosPropertySourceLocator.loadNacosPropertySource(NacosPropertySourceLocator.java:199)
	at com.alibaba.cloud.nacos.client.NacosPropertySourceLocator.loadNacosDataIfPresent(NacosPropertySourceLocator.java:186)
	at com.alibaba.cloud.nacos.client.NacosPropertySourceLocator.loadApplicationConfiguration(NacosPropertySourceLocator.java:141)
	at com.alibaba.cloud.nacos.client.NacosPropertySourceLocator.locate(NacosPropertySourceLocator.java:103)
	at org.springframework.cloud.bootstrap.config.PropertySourceLocator.locateCollection(PropertySourceLocator.java:52)
	at org.springframework.cloud.bootstrap.config.PropertySourceLocator.locateCollection(PropertySourceLocator.java:47)
	at org.springframework.cloud.bootstrap.config.PropertySourceBootstrapConfiguration.initialize(PropertySourceBootstrapConfiguration.java:97)
	at org.springframework.boot.SpringApplication.applyInitializers(SpringApplication.java:626)
	at org.springframework.boot.SpringApplication.prepareContext(SpringApplication.java:370)
	at org.springframework.boot.SpringApplication.run(SpringApplication.java:314)
	at org.springframework.boot.SpringApplication.run(SpringApplication.java:1226)
	at org.springframework.boot.SpringApplication.run(SpringApplication.java:1215)
	at com.ra.boomblog.sms.SmsApplication.main(SmsApplication.java:26)

[boom-sms:192.168.20.115:8604] [,] 2022-08-16 17:22:06.201 ERROR 12904 [main] com.alibaba.nacos.client.config.http.ServerHttpAgent:112 [NACOS SocketTimeoutException httpGet] currentServerAddr:http://localhost:8848， err : connect timed out
[boom-sms:192.168.20.115:8604] [,] 2022-08-16 17:22:07.215 ERROR 12904 [main] com.alibaba.nacos.client.config.http.ServerHttpAgent:112 [NACOS SocketTimeoutException httpGet] currentServerAddr:http://localhost:8848， err : connect timed out
[boom-sms:192.168.20.115:8604] [,] 2022-08-16 17:22:08.216 ERROR 12904 [main] com.alibaba.nacos.client.config.http.ServerHttpAgent:112 [NACOS SocketTimeoutException httpGet] currentServerAddr:http://localhost:8848， err : connect timed out
[boom-sms:192.168.20.115:8604] [,] 2022-08-16 17:22:08.216 ERROR 12904 [main] com.alibaba.nacos.client.config.http.ServerHttpAgent:133 no available server
[boom-sms:192.168.20.115:8604] [,] 2022-08-16 17:22:08.217 ERROR 12904 [main] com.alibaba.nacos.client.config.impl.ClientWorker:279 [fixed-localhost_8848-dev] [sub-server] get server config exception, dataId=boom-sms.yaml, group=dev, tenant=dev

java.net.ConnectException: no available server
	at com.alibaba.nacos.client.config.http.ServerHttpAgent.httpGet(ServerHttpAgent.java:134)
	at com.alibaba.nacos.client.config.http.MetricsHttpAgent.httpGet(MetricsHttpAgent.java:51)
	at com.alibaba.nacos.client.config.impl.ClientWorker.getServerConfig(ClientWorker.java:274)
	at com.alibaba.nacos.client.config.NacosConfigService.getConfigInner(NacosConfigService.java:155)
	at com.alibaba.nacos.client.config.NacosConfigService.getConfig(NacosConfigService.java:98)
	at com.alibaba.cloud.nacos.client.NacosPropertySourceBuilder.loadNacosData(NacosPropertySourceBuilder.java:85)
	at com.alibaba.cloud.nacos.client.NacosPropertySourceBuilder.build(NacosPropertySourceBuilder.java:73)
	at com.alibaba.cloud.nacos.client.NacosPropertySourceLocator.loadNacosPropertySource(NacosPropertySourceLocator.java:199)
	at com.alibaba.cloud.nacos.client.NacosPropertySourceLocator.loadNacosDataIfPresent(NacosPropertySourceLocator.java:186)
	at com.alibaba.cloud.nacos.client.NacosPropertySourceLocator.loadApplicationConfiguration(NacosPropertySourceLocator.java:144)
	at com.alibaba.cloud.nacos.client.NacosPropertySourceLocator.locate(NacosPropertySourceLocator.java:103)
	at org.springframework.cloud.bootstrap.config.PropertySourceLocator.locateCollection(PropertySourceLocator.java:52)
	at org.springframework.cloud.bootstrap.config.PropertySourceLocator.locateCollection(PropertySourceLocator.java:47)
	at org.springframework.cloud.bootstrap.config.PropertySourceBootstrapConfiguration.initialize(PropertySourceBootstrapConfiguration.java:97)
	at org.springframework.boot.SpringApplication.applyInitializers(SpringApplication.java:626)
	at org.springframework.boot.SpringApplication.prepareContext(SpringApplication.java:370)
	at org.springframework.boot.SpringApplication.run(SpringApplication.java:314)
	at org.springframework.boot.SpringApplication.run(SpringApplication.java:1226)
	at org.springframework.boot.SpringApplication.run(SpringApplication.java:1215)
	at com.ra.boomblog.sms.SmsApplication.main(SmsApplication.java:26)

[boom-sms:192.168.20.115:8604] [,] 2022-08-16 17:22:08.972 ERROR 12904 [com.alibaba.nacos.client.config.security.updater] com.alibaba.nacos.client.security.SecurityProxy:154 [SecurityProxy] login http request failed url: http://localhost:8848/nacos/v1/auth/users/login, params: {username=nacos}, bodyMap: {password=nacos}, errorMsg: connect timed out
[boom-sms:192.168.20.115:8604] [,] 2022-08-16 17:22:09.230 ERROR 12904 [main] com.alibaba.nacos.client.config.http.ServerHttpAgent:112 [NACOS SocketTimeoutException httpGet] currentServerAddr:http://localhost:8848， err : connect timed out
[boom-sms:192.168.20.115:8604] [,] 2022-08-16 17:22:10.245 ERROR 12904 [main] com.alibaba.nacos.client.config.http.ServerHttpAgent:112 [NACOS SocketTimeoutException httpGet] currentServerAddr:http://localhost:8848， err : connect timed out
[boom-sms:192.168.20.115:8604] [,] 2022-08-16 17:22:11.258 ERROR 12904 [main] com.alibaba.nacos.client.config.http.ServerHttpAgent:112 [NACOS SocketTimeoutException httpGet] currentServerAddr:http://localhost:8848， err : connect timed out
[boom-sms:192.168.20.115:8604] [,] 2022-08-16 17:22:11.258 ERROR 12904 [main] com.alibaba.nacos.client.config.http.ServerHttpAgent:133 no available server
[boom-sms:192.168.20.115:8604] [,] 2022-08-16 17:22:11.258 ERROR 12904 [main] com.alibaba.nacos.client.config.impl.ClientWorker:279 [fixed-localhost_8848-dev] [sub-server] get server config exception, dataId=boom-sms-dev.yaml, group=dev, tenant=dev

java.net.ConnectException: no available server
	at com.alibaba.nacos.client.config.http.ServerHttpAgent.httpGet(ServerHttpAgent.java:134)
	at com.alibaba.nacos.client.config.http.MetricsHttpAgent.httpGet(MetricsHttpAgent.java:51)
	at com.alibaba.nacos.client.config.impl.ClientWorker.getServerConfig(ClientWorker.java:274)
	at com.alibaba.nacos.client.config.NacosConfigService.getConfigInner(NacosConfigService.java:155)
	at com.alibaba.nacos.client.config.NacosConfigService.getConfig(NacosConfigService.java:98)
	at com.alibaba.cloud.nacos.client.NacosPropertySourceBuilder.loadNacosData(NacosPropertySourceBuilder.java:85)
	at com.alibaba.cloud.nacos.client.NacosPropertySourceBuilder.build(NacosPropertySourceBuilder.java:73)
	at com.alibaba.cloud.nacos.client.NacosPropertySourceLocator.loadNacosPropertySource(NacosPropertySourceLocator.java:199)
	at com.alibaba.cloud.nacos.client.NacosPropertySourceLocator.loadNacosDataIfPresent(NacosPropertySourceLocator.java:186)
	at com.alibaba.cloud.nacos.client.NacosPropertySourceLocator.loadApplicationConfiguration(NacosPropertySourceLocator.java:149)
	at com.alibaba.cloud.nacos.client.NacosPropertySourceLocator.locate(NacosPropertySourceLocator.java:103)
	at org.springframework.cloud.bootstrap.config.PropertySourceLocator.locateCollection(PropertySourceLocator.java:52)
	at org.springframework.cloud.bootstrap.config.PropertySourceLocator.locateCollection(PropertySourceLocator.java:47)
	at org.springframework.cloud.bootstrap.config.PropertySourceBootstrapConfiguration.initialize(PropertySourceBootstrapConfiguration.java:97)
	at org.springframework.boot.SpringApplication.applyInitializers(SpringApplication.java:626)
	at org.springframework.boot.SpringApplication.prepareContext(SpringApplication.java:370)
	at org.springframework.boot.SpringApplication.run(SpringApplication.java:314)
	at org.springframework.boot.SpringApplication.run(SpringApplication.java:1226)
	at org.springframework.boot.SpringApplication.run(SpringApplication.java:1215)
	at com.ra.boomblog.sms.SmsApplication.main(SmsApplication.java:26)

